<?xml version="1.0" encoding="UTF-8"?>
<!-- Generated by org.testng.reporters.JUnitXMLReporter -->
<testsuite ignored="0" hostname="Michaels-Mac-mini.local" failures="0" tests="2" name="Error validations test" time="37.165" errors="0" timestamp="2024-07-27T20:39:17 EDT">
  <testcase classname="org.rahulshettyacademy.eCommerce_tc_1" name="fillFormErrorValidationTest" time="8.409"/>
  <testcase classname="org.rahulshettyacademy.eCommerce_tc_1" name="fillFormPositiveFlowTest" time="23.8"/>
</testsuite> <!-- Error validations test -->
